<?xml version="1.0" encoding="UTF-8"?>
<testng-results skipped="0" failed="0" ignored="0" total="1" passed="1">
  <reporter-output>
  </reporter-output>
  <suite name="Default suite" duration-ms="37635" started-at="2023-03-09T23:56:59 IST" finished-at="2023-03-09T23:57:37 IST">
    <groups>
    </groups>
    <test name="Default test" duration-ms="37635" started-at="2023-03-09T23:56:59 IST" finished-at="2023-03-09T23:57:37 IST">
      <class name="TestLayer.LoginPageTest">
        <test-method status="PASS" signature="setUp()[pri:0, instance:TestLayer.LoginPageTest@1990a65e]" name="setUp" is-config="true" duration-ms="10798" started-at="2023-03-09T23:56:59 IST" finished-at="2023-03-09T23:57:10 IST">
          <reporter-output>
          </reporter-output>
        </test-method> <!-- setUp -->
        <test-method status="PASS" signature="validateLoginFunctionality()[pri:0, instance:TestLayer.LoginPageTest@1990a65e]" name="validateLoginFunctionality" duration-ms="26673" started-at="2023-03-09T23:57:10 IST" finished-at="2023-03-09T23:57:37 IST">
          <reporter-output>
          </reporter-output>
        </test-method> <!-- validateLoginFunctionality -->
        <test-method status="PASS" signature="tearDown()[pri:0, instance:TestLayer.LoginPageTest@1990a65e]" name="tearDown" is-config="true" duration-ms="4" started-at="2023-03-09T23:57:37 IST" finished-at="2023-03-09T23:57:37 IST">
          <reporter-output>
          </reporter-output>
        </test-method> <!-- tearDown -->
      </class> <!-- TestLayer.LoginPageTest -->
    </test> <!-- Default test -->
  </suite> <!-- Default suite -->
</testng-results>
