<?xml version="1.0" encoding="UTF-8"?>
<testng-results skipped="0" failed="0" ignored="1" total="1" passed="0">
  <reporter-output>
  </reporter-output>
  <suite name="Demo Web Shop Application" duration-ms="345" started-at="2023-03-10T01:00:30 IST" finished-at="2023-03-10T01:00:30 IST">
    <groups>
    </groups>
    <test name="Login Page Test Cases" duration-ms="345" started-at="2023-03-10T01:00:30 IST" finished-at="2023-03-10T01:00:30 IST">
    </test> <!-- Login Page Test Cases -->
  </suite> <!-- Demo Web Shop Application -->
</testng-results>
